2025-05-16T10:46:05.778Z [ITTERM] info: oddiy log
2025-05-16T10:46:05.784Z [ITTERM] error: oddiy log emas
2025-05-16T10:46:05.785Z [ITTERM] warn: oddiy log emas
2025-05-16T10:46:05.785Z [ITTERM] info: oddiy log emas
2025-05-16T10:48:10.572Z [ITTERM] info: oddiy log
2025-05-16T10:48:10.578Z [ITTERM] error: oddiy log emas
2025-05-16T10:48:10.579Z [ITTERM] warn: oddiy log emas
2025-05-16T10:48:10.580Z [ITTERM] info: oddiy log emas
2025-05-16T10:48:49.881Z [ITTERM] info: oddiy log
2025-05-16T10:48:49.887Z [ITTERM] error: oddiy log emas
2025-05-16T10:48:49.888Z [ITTERM] warn: oddiy log emas
2025-05-16T10:48:49.888Z [ITTERM] info: oddiy log emas
2025-05-16T10:50:00.650Z [ITTERM] info: oddiy log
2025-05-16T10:50:00.657Z [ITTERM] error: oddiy log emas
2025-05-16T10:50:00.658Z [ITTERM] warn: oddiy log emas
2025-05-16T10:50:00.659Z [ITTERM] info: oddiy log emas
2025-05-16T10:51:07.754Z [ITTERM] info: oddiy log
2025-05-16T10:51:07.759Z [ITTERM] error: oddiy log emas
2025-05-16T10:51:07.760Z [ITTERM] warn: oddiy log emas
2025-05-16T10:51:07.760Z [ITTERM] info: oddiy log emas
2025-05-16T10:51:11.067Z [ITTERM] info: oddiy log
2025-05-16T10:51:11.070Z [ITTERM] error: oddiy log emas
2025-05-16T10:51:11.071Z [ITTERM] warn: oddiy log emas
2025-05-16T10:51:11.071Z [ITTERM] info: oddiy log emas
2025-05-16T10:51:15.528Z [ITTERM] info: oddiy log
2025-05-16T10:51:15.534Z [ITTERM] error: oddiy log emas
2025-05-16T10:51:15.535Z [ITTERM] warn: oddiy log emas
2025-05-16T10:51:15.535Z [ITTERM] info: oddiy log emas
2025-05-16T10:52:18.413Z [ITTERM] info: oddiy log
2025-05-16T10:52:18.416Z [ITTERM] error: oddiy log emas
2025-05-16T10:52:18.417Z [ITTERM] warn: oddiy log emas
2025-05-16T10:52:18.417Z [ITTERM] info: oddiy log emas
2025-05-16T10:52:26.890Z [ITTERM] info: oddiy log
2025-05-16T10:52:26.893Z [ITTERM] error: oddiy log emas
2025-05-16T10:52:26.894Z [ITTERM] warn: oddiy log emas
2025-05-16T10:52:26.894Z [ITTERM] info: oddiy log emas
2025-05-16T10:52:58.907Z [ITTERM] info: oddiy log
2025-05-16T10:52:58.912Z [ITTERM] error: oddiy log emas
2025-05-16T10:52:58.913Z [ITTERM] warn: oddiy log emas
2025-05-16T10:52:58.913Z [ITTERM] info: oddiy log emas
2025-05-16T10:53:03.377Z [ITTERM] info: oddiy log
2025-05-16T10:53:03.381Z [ITTERM] error: oddiy log emas
2025-05-16T10:53:03.382Z [ITTERM] warn: oddiy log emas
2025-05-16T10:53:03.382Z [ITTERM] info: oddiy log emas
2025-05-16T10:53:19.053Z [ITTERM] info: oddiy log
2025-05-16T10:53:19.058Z [ITTERM] error: oddiy log emas
2025-05-16T10:53:19.060Z [ITTERM] warn: oddiy log emas
2025-05-16T10:53:19.060Z [ITTERM] info: oddiy log emas
2025-05-16T10:53:22.589Z [ITTERM] info: oddiy log
2025-05-16T10:53:22.595Z [ITTERM] error: oddiy log emas
2025-05-16T10:53:22.596Z [ITTERM] warn: oddiy log emas
2025-05-16T10:53:22.596Z [ITTERM] info: oddiy log emas
2025-05-16T10:53:25.321Z [ITTERM] info: oddiy log
2025-05-16T10:53:25.326Z [ITTERM] error: oddiy log emas
2025-05-16T10:53:25.327Z [ITTERM] warn: oddiy log emas
2025-05-16T10:53:25.327Z [ITTERM] info: oddiy log emas
{"label":"ITTERM","level":"info","message":"oddiy log","timestamp":"2025-05-16T10:54:21.847Z"}
{"label":"ITTERM","level":"error","message":"oddiy log emas","timestamp":"2025-05-16T10:54:21.852Z"}
{"label":"ITTERM","level":"warn","message":"oddiy log emas","timestamp":"2025-05-16T10:54:21.853Z"}
{"label":"ITTERM","level":"info","message":"oddiy log emas","timestamp":"2025-05-16T10:54:21.853Z"}
2025-05-16T10:54:48.598Z [ITTERM] info: oddiy log
2025-05-16T10:54:48.606Z [ITTERM] error: oddiy log emas
2025-05-16T10:54:48.607Z [ITTERM] warn: oddiy log emas
2025-05-16T10:54:48.607Z [ITTERM] info: oddiy log emas
2025-05-16T10:56:42.211Z [ITTERM] info: oddiy log
2025-05-16T10:56:42.217Z [ITTERM] error: oddiy log emas
2025-05-16T10:56:42.218Z [ITTERM] warn: oddiy log emas
2025-05-16T10:56:42.218Z [ITTERM] info: oddiy log emas
2025-05-16T10:56:48.390Z [ITTERM] info: oddiy log
2025-05-16T10:56:48.396Z [ITTERM] error: oddiy log emas
2025-05-16T10:56:48.397Z [ITTERM] warn: oddiy log emas
2025-05-16T10:56:48.397Z [ITTERM] info: oddiy log emas
2025-05-16T10:56:50.896Z [ITTERM] info: oddiy log
2025-05-16T10:56:50.901Z [ITTERM] error: oddiy log emas
2025-05-16T10:56:50.902Z [ITTERM] warn: oddiy log emas
2025-05-16T10:56:50.902Z [ITTERM] info: oddiy log emas
2025-05-16T11:00:13.142Z [ITTERM] info: oddiy log
2025-05-16T11:00:13.146Z [ITTERM] error: oddiy log emas
2025-05-16T11:00:13.148Z [ITTERM] warn: oddiy log emas
2025-05-16T11:00:13.148Z [ITTERM] info: oddiy log emas
2025-05-16T11:01:18.653Z [ITTERM] info: oddiy log
2025-05-16T11:01:18.658Z [ITTERM] error: oddiy log emas
2025-05-16T11:01:18.659Z [ITTERM] warn: oddiy log emas
2025-05-16T11:01:18.660Z [ITTERM] info: oddiy log emas
2025-05-16T11:03:03.220Z [ITTERM] info: oddiy log
2025-05-16T11:03:03.228Z [ITTERM] error: oddiy log emas
2025-05-16T11:03:03.230Z [ITTERM] warn: oddiy log emas
2025-05-16T11:03:03.231Z [ITTERM] info: oddiy log emas
2025-05-16T11:04:28.370Z [ITTERM] info: oddiy log
2025-05-16T11:04:28.375Z [ITTERM] error: oddiy log emas
2025-05-16T11:04:28.376Z [ITTERM] warn: oddiy log emas
2025-05-16T11:04:28.376Z [ITTERM] info: oddiy log emas
2025-05-16T11:04:31.504Z [ITTERM] info: oddiy log
2025-05-16T11:04:31.511Z [ITTERM] error: oddiy log emas
2025-05-16T11:04:31.512Z [ITTERM] warn: oddiy log emas
2025-05-16T11:04:31.512Z [ITTERM] info: oddiy log emas
2025-05-16T11:10:44.789Z [ITTERM] info: oddiy log
2025-05-16T11:10:44.793Z [ITTERM] error: oddiy log emas
2025-05-16T11:10:44.793Z [ITTERM] warn: oddiy log emas
2025-05-16T11:10:44.794Z [ITTERM] info: oddiy log emas
2025-05-16T11:46:30.522Z [ITTERM] error: Expected ',' or '}' after property value in JSON at position 42 (line 3 column 5)
2025-05-19T10:54:55.443Z [ITTERM] error: unhandledRejection: The "paths[0]" argument must be of type string. Received undefined
TypeError [ERR_INVALID_ARG_TYPE]: The "paths[0]" argument must be of type string. Received undefined
    at Object.resolve (node:path:199:9)
    at ExpressHandlebars.<anonymous> (C:\fullstack\cruds\new_mongo\node_modules\express-handlebars\dist\express-handlebars.js:103:29)
    at Generator.next (<anonymous>)
    at C:\fullstack\cruds\new_mongo\node_modules\express-handlebars\dist\express-handlebars.js:13:71
    at new Promise (<anonymous>)
    at __awaiter (C:\fullstack\cruds\new_mongo\node_modules\express-handlebars\dist\express-handlebars.js:9:12)
    at ExpressHandlebars.getTemplate (C:\fullstack\cruds\new_mongo\node_modules\express-handlebars\dist\express-handlebars.js:102:16)
    at ExpressHandlebars.<anonymous> (C:\fullstack\cruds\new_mongo\node_modules\express-handlebars\dist\express-handlebars.js:144:22)
    at Generator.next (<anonymous>)
    at C:\fullstack\cruds\new_mongo\node_modules\express-handlebars\dist\express-handlebars.js:13:71
2025-05-19T10:54:56.858Z [ITTERM] error: unhandledRejection: The "paths[0]" argument must be of type string. Received undefined
TypeError [ERR_INVALID_ARG_TYPE]: The "paths[0]" argument must be of type string. Received undefined
    at Object.resolve (node:path:199:9)
    at ExpressHandlebars.<anonymous> (C:\fullstack\cruds\new_mongo\node_modules\express-handlebars\dist\express-handlebars.js:103:29)
    at Generator.next (<anonymous>)
    at C:\fullstack\cruds\new_mongo\node_modules\express-handlebars\dist\express-handlebars.js:13:71
    at new Promise (<anonymous>)
    at __awaiter (C:\fullstack\cruds\new_mongo\node_modules\express-handlebars\dist\express-handlebars.js:9:12)
    at ExpressHandlebars.getTemplate (C:\fullstack\cruds\new_mongo\node_modules\express-handlebars\dist\express-handlebars.js:102:16)
    at ExpressHandlebars.<anonymous> (C:\fullstack\cruds\new_mongo\node_modules\express-handlebars\dist\express-handlebars.js:144:22)
    at Generator.next (<anonymous>)
    at C:\fullstack\cruds\new_mongo\node_modules\express-handlebars\dist\express-handlebars.js:13:71
