2025-05-16T10:42:57.574Z [ITTERM] [31merror[39m: oddiy log emas
2025-05-16T10:43:26.511Z [ITTERM] error: oddiy log emas
2025-05-16T10:43:31.526Z [ITTERM] error: oddiy log emas
2025-05-16T10:43:36.854Z [ITTERM] error: oddiy log emas
2025-05-16T10:43:49.391Z [ITTERM] error: oddiy log emas
2025-05-16T10:43:52.621Z [ITTERM] error: oddiy log emas
2025-05-16T10:44:22.989Z [ITTERM] error: oddiy log emas 
2025-05-16T10:44:30.482Z [ITTERM] error: oddiy log emas
2025-05-16T10:44:40.317Z [ITTERM] error: oddiy log emas
2025-05-16T10:44:55.428Z [ITTERM] error: oddiy log emas
2025-05-16T10:45:07.170Z [ITTERM] error: oddiy log emas
2025-05-16T10:46:05.784Z [ITTERM] error: oddiy log emas
2025-05-16T10:48:10.578Z [ITTERM] error: oddiy log emas
2025-05-16T10:48:49.887Z [ITTERM] error: oddiy log emas
2025-05-16T10:50:00.657Z [ITTERM] error: oddiy log emas
2025-05-16T10:51:07.759Z [ITTERM] error: oddiy log emas
2025-05-16T10:51:11.070Z [ITTERM] error: oddiy log emas
2025-05-16T10:51:15.534Z [ITTERM] error: oddiy log emas
2025-05-16T10:52:18.416Z [ITTERM] error: oddiy log emas
2025-05-16T10:52:26.893Z [ITTERM] error: oddiy log emas
2025-05-16T10:52:58.912Z [ITTERM] error: oddiy log emas
2025-05-16T10:53:03.381Z [ITTERM] error: oddiy log emas
2025-05-16T10:53:19.058Z [ITTERM] error: oddiy log emas
2025-05-16T10:53:22.595Z [ITTERM] error: oddiy log emas
2025-05-16T10:53:25.326Z [ITTERM] error: oddiy log emas
{"label":"ITTERM","level":"error","message":"oddiy log emas","timestamp":"2025-05-16T10:54:21.852Z"}
2025-05-16T10:54:48.606Z [ITTERM] error: oddiy log emas
2025-05-16T10:56:42.217Z [ITTERM] error: oddiy log emas
2025-05-16T10:56:48.396Z [ITTERM] error: oddiy log emas
2025-05-16T10:56:50.901Z [ITTERM] error: oddiy log emas
2025-05-16T11:00:13.146Z [ITTERM] error: oddiy log emas
2025-05-16T11:01:18.658Z [ITTERM] error: oddiy log emas
2025-05-16T11:03:03.228Z [ITTERM] error: oddiy log emas
2025-05-16T11:04:28.375Z [ITTERM] error: oddiy log emas
2025-05-16T11:04:31.511Z [ITTERM] error: oddiy log emas
2025-05-16T11:10:44.793Z [ITTERM] error: oddiy log emas
2025-05-16T11:46:30.522Z [ITTERM] error: Expected ',' or '}' after property value in JSON at position 42 (line 3 column 5)
2025-05-19T10:54:55.443Z [ITTERM] error: unhandledRejection: The "paths[0]" argument must be of type string. Received undefined
TypeError [ERR_INVALID_ARG_TYPE]: The "paths[0]" argument must be of type string. Received undefined
    at Object.resolve (node:path:199:9)
    at ExpressHandlebars.<anonymous> (C:\fullstack\cruds\new_mongo\node_modules\express-handlebars\dist\express-handlebars.js:103:29)
    at Generator.next (<anonymous>)
    at C:\fullstack\cruds\new_mongo\node_modules\express-handlebars\dist\express-handlebars.js:13:71
    at new Promise (<anonymous>)
    at __awaiter (C:\fullstack\cruds\new_mongo\node_modules\express-handlebars\dist\express-handlebars.js:9:12)
    at ExpressHandlebars.getTemplate (C:\fullstack\cruds\new_mongo\node_modules\express-handlebars\dist\express-handlebars.js:102:16)
    at ExpressHandlebars.<anonymous> (C:\fullstack\cruds\new_mongo\node_modules\express-handlebars\dist\express-handlebars.js:144:22)
    at Generator.next (<anonymous>)
    at C:\fullstack\cruds\new_mongo\node_modules\express-handlebars\dist\express-handlebars.js:13:71
2025-05-19T10:54:56.858Z [ITTERM] error: unhandledRejection: The "paths[0]" argument must be of type string. Received undefined
TypeError [ERR_INVALID_ARG_TYPE]: The "paths[0]" argument must be of type string. Received undefined
    at Object.resolve (node:path:199:9)
    at ExpressHandlebars.<anonymous> (C:\fullstack\cruds\new_mongo\node_modules\express-handlebars\dist\express-handlebars.js:103:29)
    at Generator.next (<anonymous>)
    at C:\fullstack\cruds\new_mongo\node_modules\express-handlebars\dist\express-handlebars.js:13:71
    at new Promise (<anonymous>)
    at __awaiter (C:\fullstack\cruds\new_mongo\node_modules\express-handlebars\dist\express-handlebars.js:9:12)
    at ExpressHandlebars.getTemplate (C:\fullstack\cruds\new_mongo\node_modules\express-handlebars\dist\express-handlebars.js:102:16)
    at ExpressHandlebars.<anonymous> (C:\fullstack\cruds\new_mongo\node_modules\express-handlebars\dist\express-handlebars.js:144:22)
    at Generator.next (<anonymous>)
    at C:\fullstack\cruds\new_mongo\node_modules\express-handlebars\dist\express-handlebars.js:13:71
