2025-05-16T10:53:09.498Z [ITTERM] error: uncaughtException: Cannot set properties of undefined (setting 'exports')
TypeError: Cannot set properties of undefined (setting 'exports')
    at Object.<anonymous> (C:\fullstack\cruds\new_mongo\service\logger.service.js:30:16)
    at Module._compile (node:internal/modules/cjs/loader:1554:14)
    at Object..js (node:internal/modules/cjs/loader:1706:10)
    at Module.load (node:internal/modules/cjs/loader:1289:32)
    at Function._load (node:internal/modules/cjs/loader:1108:12)
    at TracingChannel.traceSync (node:diagnostics_channel:322:14)
    at wrapModuleLoad (node:internal/modules/cjs/loader:220:24)
    at Module.require (node:internal/modules/cjs/loader:1311:12)
    at require (node:internal/modules/helpers:136:16)
    at Object.<anonymous> (C:\fullstack\cruds\new_mongo\main.js:7:16)
2025-05-16T11:30:53.855Z [ITTERM] error: uncaughtException: expressErrorLog is not defined
ReferenceError: expressErrorLog is not defined
    at Object.<anonymous> (C:\fullstack\cruds\new_mongo\main.js:39:9)
    at Module._compile (node:internal/modules/cjs/loader:1554:14)
    at Object..js (node:internal/modules/cjs/loader:1706:10)
    at Module.load (node:internal/modules/cjs/loader:1289:32)
    at Function._load (node:internal/modules/cjs/loader:1108:12)
    at TracingChannel.traceSync (node:diagnostics_channel:322:14)
    at wrapModuleLoad (node:internal/modules/cjs/loader:220:24)
    at Function.executeUserEntryPoint [as runMain] (node:internal/modules/run_main:170:5)
    at node:internal/main/run_main_module:36:49
2025-05-16T11:31:02.437Z [ITTERM] error: uncaughtException: expressErrorLog is not defined
ReferenceError: expressErrorLog is not defined
    at Object.<anonymous> (C:\fullstack\cruds\new_mongo\main.js:40:9)
    at Module._compile (node:internal/modules/cjs/loader:1554:14)
    at Object..js (node:internal/modules/cjs/loader:1706:10)
    at Module.load (node:internal/modules/cjs/loader:1289:32)
    at Function._load (node:internal/modules/cjs/loader:1108:12)
    at TracingChannel.traceSync (node:diagnostics_channel:322:14)
    at wrapModuleLoad (node:internal/modules/cjs/loader:220:24)
    at Function.executeUserEntryPoint [as runMain] (node:internal/modules/run_main:170:5)
    at node:internal/main/run_main_module:36:49
2025-05-16T11:31:10.712Z [ITTERM] error: uncaughtException: app.use() requires a middleware function
TypeError: app.use() requires a middleware function
    at Function.use (C:\fullstack\cruds\new_mongo\node_modules\express\lib\application.js:213:11)
    at Object.<anonymous> (C:\fullstack\cruds\new_mongo\main.js:40:5)
    at Module._compile (node:internal/modules/cjs/loader:1554:14)
    at Object..js (node:internal/modules/cjs/loader:1706:10)
    at Module.load (node:internal/modules/cjs/loader:1289:32)
    at Function._load (node:internal/modules/cjs/loader:1108:12)
    at TracingChannel.traceSync (node:diagnostics_channel:322:14)
    at wrapModuleLoad (node:internal/modules/cjs/loader:220:24)
    at Function.executeUserEntryPoint [as runMain] (node:internal/modules/run_main:170:5)
    at node:internal/main/run_main_module:36:49
2025-05-16T11:31:17.115Z [ITTERM] error: uncaughtException: app.use() requires a middleware function
TypeError: app.use() requires a middleware function
    at Function.use (C:\fullstack\cruds\new_mongo\node_modules\express\lib\application.js:213:11)
    at Object.<anonymous> (C:\fullstack\cruds\new_mongo\main.js:40:5)
    at Module._compile (node:internal/modules/cjs/loader:1554:14)
    at Object..js (node:internal/modules/cjs/loader:1706:10)
    at Module.load (node:internal/modules/cjs/loader:1289:32)
    at Function._load (node:internal/modules/cjs/loader:1108:12)
    at TracingChannel.traceSync (node:diagnostics_channel:322:14)
    at wrapModuleLoad (node:internal/modules/cjs/loader:220:24)
    at Function.executeUserEntryPoint [as runMain] (node:internal/modules/run_main:170:5)
    at node:internal/main/run_main_module:36:49
2025-05-19T10:54:55.439Z [ITTERM] error: uncaughtException: callback function required
Error: callback function required
    at Function.engine (C:\fullstack\cruds\new_mongo\node_modules\express\lib\application.js:296:11)
    at Object.<anonymous> (C:\fullstack\cruds\new_mongo\main.js:24:5)
    at Module._compile (node:internal/modules/cjs/loader:1554:14)
    at Object..js (node:internal/modules/cjs/loader:1706:10)
    at Module.load (node:internal/modules/cjs/loader:1289:32)
    at Function._load (node:internal/modules/cjs/loader:1108:12)
    at TracingChannel.traceSync (node:diagnostics_channel:322:14)
    at wrapModuleLoad (node:internal/modules/cjs/loader:220:24)
    at Function.executeUserEntryPoint [as runMain] (node:internal/modules/run_main:170:5)
    at node:internal/main/run_main_module:36:49
2025-05-19T10:54:56.854Z [ITTERM] error: uncaughtException: callback function required
Error: callback function required
    at Function.engine (C:\fullstack\cruds\new_mongo\node_modules\express\lib\application.js:296:11)
    at Object.<anonymous> (C:\fullstack\cruds\new_mongo\main.js:24:5)
    at Module._compile (node:internal/modules/cjs/loader:1554:14)
    at Object..js (node:internal/modules/cjs/loader:1706:10)
    at Module.load (node:internal/modules/cjs/loader:1289:32)
    at Function._load (node:internal/modules/cjs/loader:1108:12)
    at TracingChannel.traceSync (node:diagnostics_channel:322:14)
    at wrapModuleLoad (node:internal/modules/cjs/loader:220:24)
    at Function.executeUserEntryPoint [as runMain] (node:internal/modules/run_main:170:5)
    at node:internal/main/run_main_module:36:49
